=== RAG QUERY LOG ===
Timestamp: 2025-07-31 06:57:17.269626600 UTC
Query: Analyze my digital activity for Daily Recap — 30 Jul 2025 and provide insights about my productivity, application usage, and key activities.
Total chunks available: 3631
Top K: 10
Similarity threshold: 0.1

Filtered search keywords: ["my", "daily", "recap", "—", "30", "jul", "2025", "provide", "insights", "about", "my", "productivity,", "application", "usage,", "key", "activities."]
Found 1733 chunks with score >= 0.1
Selected top 10 chunks:
Chunk 1 (Score: 0.312):
  Type: ocr
  App: Postman
  Timestamp: 2025-07-29T21:18:08.885689900+00:00
  Content: OCR from Postman: Home -5 a My Workspace Workspaces API Network New Import Q Search Postman POST veri • POST noti• POST http • http://localhost:3030/raw_sql Ctrl CJ Blitzgl GET http:, • Invi POST http • GET http Search collections HTTP Collections Environments Flows 0 00 APIs Mock servers Monitors Specs Insights History POST Params http://localhost:3030/raw_sql Authorization Headers Body • Scripts • Value Value No environment Save Send Cookies Bulk Edit Query Params Key Response Settings o Description Description Click Send to get a response
  ---
Chunk 2 (Score: 0.250):
  Type: app_usage
  App: Cursor
  Timestamp: 2025-07-29T21:27:42.501468300+00:00
  Content: App Activity: Cursor - Window: ai.rs - my-app - Cursor - Timestamp: 2025-07-29T21:27:42.501468300+00:00
  ---
Chunk 3 (Score: 0.250):
  Type: app_usage
  App: Cursor
  Timestamp: 2025-07-29T21:27:19.857300100+00:00
  Content: App Activity: Cursor - Window: ai.rs - my-app - Cursor - Timestamp: 2025-07-29T21:27:19.857300100+00:00
  ---
Chunk 4 (Score: 0.250):
  Type: app_usage
  App: Cursor
  Timestamp: 2025-07-29T21:26:46.242333300+00:00
  Content: App Activity: Cursor - Window: ai.rs - my-app - Cursor - Timestamp: 2025-07-29T21:26:46.242333300+00:00
  ---
Chunk 5 (Score: 0.250):
  Type: app_usage
  App: Cursor
  Timestamp: 2025-07-29T21:26:46.242333300+00:00
  Content: App Activity: Cursor - Window: ai.rs - my-app - Cursor - Timestamp: 2025-07-29T21:26:46.242333300+00:00
  ---
Chunk 6 (Score: 0.250):
  Type: ocr
  App: Cursor
  Timestamp: 2025-07-29T21:26:43.133617+00:00
  Content: OCR from Cursor: File Edit bg -mpxg fileng —pipen Vpæ_ß > target gitig TS TS RAG_IMPLEMENTATION— RAS_sETupnd README_md Selection View Go Run Terminal - my-app let = rt.bl«k " rmr". ) ; // process cmtut_parts. ! ( data. i if ! app_—. ) { Help String' { al.rs - Cursor TS M O x ntut_sql ( t _r•lge: TiæRange) "application/ j . ti.ut(std: : time: : : f -query": Y)) J) to SQL query: { ] "y e)) if i - SQL API e let : Valæ> = rt let // Add ra nge header to pars ( " Per e SQL data. ( ) . to_st ri ) ) ) ; combined if ( ) let VeceString3 = item I it—I" o .take(") // Limit to first Sg if ) { "OCR texts audio_tuts: VeccString3 = it—I TMs m eff&nt data nb•sis a GIVE EXAMPLE REsmr•6E pæPARE Al CONTEXT — of Let m e a Example Response from fu diff—t Dany Analysis Exam* dally XR Text Data (15 pals' (8 "Let • s usage s—y: (as tl—s), (n ti—), usage S—-y: (12 visits), Analysis Exam* —kly XR Data (47 it—s): "plnlng sg•lnt In Jira" (23 it—)•- to hl usage s—y:
  ---
Chunk 7 (Score: 0.250):
  Type: ocr
  App: Cursor
  Timestamp: 2025-07-29T21:26:43.133617+00:00
  Content: OCR from Cursor: File Edit bg -mpxg fileng —pipen Vpæ_ß > target gitig TS TS RAG_IMPLEMENTATION— RAS_sETupnd README_md Selection View Go Run Terminal - my-app let = rt.bl«k " rmr". ) ; // process cmtut_parts. ! ( data. i if ! app_—. ) { Help String' { al.rs - Cursor TS M O x ntut_sql ( t _r•lge: TiæRange) "application/ j . ti.ut(std: : time: : : f -query": Y)) J) to SQL query: { ] "y e)) if i - SQL API e let : Valæ> = rt let // Add ra nge header to pars ( " Per e SQL data. ( ) . to_st ri ) ) ) ; combined if ( ) let VeceString3 = item I it—I" o .take(") // Limit to first Sg if ) { "OCR texts audio_tuts: VeccString3 = it—I TMs m eff&nt data nb•sis a GIVE EXAMPLE REsmr•6E pæPARE Al CONTEXT — of Let m e a Example Response from fu diff—t Dany Analysis Exam* dally XR Text Data (15 pals' (8 "Let • s usage s—y: (as tl—s), (n ti—), usage S—-y: (12 visits), Analysis Exam* —kly XR Data (47 it—s): "plnlng sg•lnt In Jira" (23 it—)•- to hl usage s—y:
  ---
Chunk 8 (Score: 0.250):
  Type: ocr
  App: Cursor
  Timestamp: 2025-07-29T21:26:23.411509100+00:00
  Content: OCR from Cursor: File Edit bg -mpxg fileng —pipen Vpæ_ß > target gitig TS TS RAG_IMPLEMENTATION— RAS_sETupnd README_md Selection View Go Run Terminal - my-app let = rt.bl«k cmtut_parts. ! ( data. i if ! app_—. ) { Help String' { al.rs - Cursor TS M O x ntut_sql ( t _r•lge: TiæRange) "application/ j TMs a data nb•sis a m eff&nt . ti.ut(std: : time: : : f "Failed to ) if i - SQL API e let : Valæ> = rt to parse SQL let // Add ran ge header ( " Per // combi d if ( ) let VeceString3 = item I it—I" o .take(") // Limit to first Sg if ) { "OCR texts audio_tuts: VeccString3 = it—I . to_st ri ) ) ) ; data. ( ) GIVE EXAMPLE REsmr•6E pæPARE Al CONTEXT — of Let m e a Example Response from fu diff—t Dany Analysis Exam* dally XR Text Data (15 pals' (8 "Let • s usage s—y: (as tl—s), (n ti—), usage S—-y: (12 visits), Analysis Exam* —kly XR Data (47 it—s): "plnlng sg•lnt In Jira" (23 it—)•- to hl usage s—y: tl—), (134 usage S—-y: (4S visits), Monthly
  ---
Chunk 9 (Score: 0.250):
  Type: ocr
  App: Cursor
  Timestamp: 2025-07-29T21:26:23.411509100+00:00
  Content: OCR from Cursor: File Edit bg -mpxg fileng —pipen Vpæ_ß > target gitig TS TS RAG_IMPLEMENTATION— RAS_sETupnd README_md Selection View Go Run Terminal - my-app let = rt.bl«k cmtut_parts. ! ( data. i if ! app_—. ) { Help String' { al.rs - Cursor TS M O x ntut_sql ( t _r•lge: TiæRange) "application/ j TMs a data nb•sis a m eff&nt . ti.ut(std: : time: : : f "Failed to ) if i - SQL API e let : Valæ> = rt to parse SQL let // Add ran ge header ( " Per // combi d if ( ) let VeceString3 = item I it—I" o .take(") // Limit to first Sg if ) { "OCR texts audio_tuts: VeccString3 = it—I . to_st ri ) ) ) ; data. ( ) GIVE EXAMPLE REsmr•6E pæPARE Al CONTEXT — of Let m e a Example Response from fu diff—t Dany Analysis Exam* dally XR Text Data (15 pals' (8 "Let • s usage s—y: (as tl—s), (n ti—), usage S—-y: (12 visits), Analysis Exam* —kly XR Data (47 it—s): "plnlng sg•lnt In Jira" (23 it—)•- to hl usage s—y: tl—), (134 usage S—-y: (4S visits), Monthly
  ---
Chunk 10 (Score: 0.250):
  Type: app_usage
  App: Cursor
  Timestamp: 2025-07-29T21:26:21.381453300+00:00
  Content: App Activity: Cursor - Window: ai.rs - my-app - Cursor - Timestamp: 2025-07-29T21:26:21.381453300+00:00
  ---
Generating AI response...
