=== RAG QUERY LOG ===
Timestamp: 2025-07-31 06:24:35.713335700 UTC
Query: I'll analyze your usage patterns and activity data for Microsoft Edge for this month. I can help you understand your productivity, identify patterns, and suggest optimizations.
Total chunks available: 456
Top K: 10
Similarity threshold: 0.1

Filtered search keywords: ["i'll", "your", "usage", "patterns", "data", "microsoft", "edge", "this", "month.", "i", "help", "you", "understand", "your", "productivity,", "identify", "patterns,", "suggest", "optimizations."]
Found 379 chunks with score >= 0.1
Selected top 10 chunks:
Chunk 1 (Score: 0.421):
  Type: ocr
  App: Microsoft Edge
  Timestamp: 2025-07-21T17:05:02.413300300+00:00
  Content: OCR from Microsoft Edge: New tab Import favorites Dell New tab Gmail Microsoft Edge Would you like to set Microsoft Edge as your defau... Search the web Microsoft Cares About Your Privacy YouTube Set as default Other favorites Not Now Microsoft and our third-party vendors use cookies to store and access information such as unique IDs to deliver, maintain and improve our services and ads. If you agree, MSN and Microsoft Bing will personalise the content and ads that you see. You can select 'l Accept' to consent to these uses or click on 'Manage preferences' to review your options and exercise your right to object to Legitimate Interest where used. You can change your selection under 'Manage Preferences' at the bottom of this page. privacy Statement. Number of Partners (vendors): 852. We and our partners process data to provide: Use precise geolocation data. Actively scan device characteristics for identification. Store and/or access information on a device. Personalised advertising and
  ---
Chunk 2 (Score: 0.421):
  Type: audio
  App: Microsoft Edge
  Timestamp: 2025-07-14T04:40:51.834105600+00:00
  Content: Audio from Microsoft Edge (Headphones (AB13X_650A USB Audio)): ♪ He's not with one apple ♪ ♪ But he'll be beautiful ♪ ♪ Your body feels as slow ♪ ♪ Cause I'm here, I'll use my food ♪ ♪ For this time I'll put the hand ♪
  ---
Chunk 3 (Score: 0.421):
  Type: audio
  App: Microsoft Edge
  Timestamp: 2025-07-14T04:40:48.361838600+00:00
  Content: Audio from Microsoft Edge (Headphones (AB13X_650A USB Audio)): ♪ He's not with one apple ♪ ♪ But he'll be beautiful ♪ ♪ Your body feels as slow ♪ ♪ Cause I'm here, I'll use my food ♪ ♪ For this time I'll put the hand ♪
  ---
Chunk 4 (Score: 0.421):
  Type: audio
  App: Microsoft Edge
  Timestamp: 2025-07-14T04:40:42.279371300+00:00
  Content: Audio from Microsoft Edge (Headphones (AB13X_650A USB Audio)): ♪ He's not with one apple ♪ ♪ But he'll be beautiful ♪ ♪ Your body feels as slow ♪ ♪ Cause I'm here, I'll use my food ♪ ♪ For this time I'll put the hand ♪
  ---
Chunk 5 (Score: 0.421):
  Type: audio
  App: Microsoft Edge
  Timestamp: 2025-07-14T04:40:39.245509400+00:00
  Content: Audio from Microsoft Edge (Headphones (AB13X_650A USB Audio)): ♪ He's not with one apple ♪ ♪ But he'll be beautiful ♪ ♪ Your body feels as slow ♪ ♪ Cause I'm here, I'll use my food ♪ ♪ For this time I'll put the hand ♪
  ---
Chunk 6 (Score: 0.421):
  Type: audio
  App: Microsoft Edge
  Timestamp: 2025-07-14T04:40:35.214334600+00:00
  Content: Audio from Microsoft Edge (Headphones (AB13X_650A USB Audio)): ♪ He's not with one apple ♪ ♪ But he'll be beautiful ♪ ♪ Your body feels as slow ♪ ♪ Cause I'm here, I'll use my food ♪ ♪ For this time I'll put the hand ♪
  ---
Chunk 7 (Score: 0.421):
  Type: audio
  App: Microsoft Edge
  Timestamp: 2025-07-14T04:40:33.184001200+00:00
  Content: Audio from Microsoft Edge (Headphones (AB13X_650A USB Audio)): ♪ He's not with one apple ♪ ♪ But he'll be beautiful ♪ ♪ Your body feels as slow ♪ ♪ Cause I'm here, I'll use my food ♪ ♪ For this time I'll put the hand ♪
  ---
Chunk 8 (Score: 0.421):
  Type: audio
  App: Microsoft Edge
  Timestamp: 2025-07-14T04:40:29.081052400+00:00
  Content: Audio from Microsoft Edge (Headphones (AB13X_650A USB Audio)): ♪ He's not with one apple ♪ ♪ But he'll be beautiful ♪ ♪ Your body feels as slow ♪ ♪ Cause I'm here, I'll use my food ♪ ♪ For this time I'll put the hand ♪
  ---
Chunk 9 (Score: 0.421):
  Type: audio
  App: Microsoft Edge
  Timestamp: 2025-07-14T04:40:25.960487+00:00
  Content: Audio from Microsoft Edge (Headphones (AB13X_650A USB Audio)): ♪ He's not with one apple ♪ ♪ But he'll be beautiful ♪ ♪ Your body feels as slow ♪ ♪ Cause I'm here, I'll use my food ♪ ♪ For this time I'll put the hand ♪
  ---
Chunk 10 (Score: 0.421):
  Type: audio
  App: Microsoft Edge
  Timestamp: 2025-07-14T04:40:22.869482500+00:00
  Content: Audio from Microsoft Edge (Headphones (AB13X_650A USB Audio)): ♪ He's not with one apple ♪ ♪ But he'll be beautiful ♪ ♪ Your body feels as slow ♪ ♪ Cause I'm here, I'll use my food ♪ ♪ For this time I'll put the hand ♪
  ---
Generating AI response...
