=== RAG QUERY LOG ===
Timestamp: 2025-07-31 06:29:34.538702600 UTC
Query: I'll analyze your usage patterns and activity data for Microsoft Word for this month. I can help you understand your productivity, identify patterns, and suggest optimizations.
Total chunks available: 1432
Top K: 10
Similarity threshold: 0.1

Filtered search keywords: ["i'll", "your", "usage", "patterns", "data", "microsoft", "word", "this", "month.", "i", "help", "you", "understand", "your", "productivity,", "identify", "patterns,", "suggest", "optimizations."]
Found 1382 chunks with score >= 0.1
Selected top 10 chunks:
Chunk 1 (Score: 0.421):
  Type: ocr
  App: Microsoft Word
  Timestamp: 2025-07-30T03:29:22.146813200+00:00
  Content: OCR from Microsoft Word: GENE THERAPY .docx [Compatibility Mode] - Word faithadetona@gmail.com o x File Paste Home Cut Copy Insert Design Layout Times New Rome • 11 References Mailings Ä A' Aav Review View Zotero Help 91 Paragraph Q Tell me what you want to do AaBbCcDc AaBbCcDc 11 Normal 11 No Spac... Format Painter Clipboard O GET GENUINE OFFICE Font AaBbC AaBbCc AaBbCc] Headingl Heading 2 Heading 4 Styles p Find ab Replace Select v Editing Learn more g Share v Add-ins Add-ins Your license isn't genuine, and you may be a victim of software counterfeiting. Avoid interruption and keep your files safe with genuine Office today. to the DNA to be integrated. This may be problematic since the longer the DNA is, the harder it is to integrate into cell genomes.] CRISPR technology allows researchers to make much more precise genome changes at exact locations. Cost — Alipogene tiparvovec or for example, at a cost of $1.6 million per patient, was reponed in 2013, to be the world's most
  ---
Chunk 2 (Score: 0.421):
  Type: ocr
  App: Microsoft Word
  Timestamp: 2025-07-30T03:29:16.944529700+00:00
  Content: OCR from Microsoft Word: GENE THERAPY .docx [Compatibility Mode] - Word faithadetona@gmail.com o x File Paste Home Cut Copy Insert Design Layout Times New Rome • 11 References Mailings Ä A' Aav Review View Zotero Help 91 Paragraph Q Tell me what you want to do AaBbCcDc AaBbCcDc 11 Normal 11 No Spac... Format Painter Clipboard O GET GENUINE OFFICE Font AaBbC AaBbCc AaBbCc] Headingl Heading 2 Heading 4 Styles p Find ab Replace Select v Editing Learn more g Share v Add-ins Add-ins Your license isn't genuine, and you may be a victim of software counterfeiting. Avoid interruption and keep your files safe with genuine Office today. to the DNA to be integrated. This may be problematic since the longer the DNA is, the harder it is to integrate into cell genomes.] CRISPR technology allows researchers to make much more precise genome changes at exact locations. Cost — Alipogene tiparvovec or for example, at a cost of $1.6 million per patient, was reponed in 2013, to be the world's most
  ---
Chunk 3 (Score: 0.421):
  Type: ocr
  App: Microsoft Word
  Timestamp: 2025-07-30T03:27:28.653452600+00:00
  Content: OCR from Microsoft Word: GENE THERAPY .docx [Compatibility Mode] - Word faithadetona@gmail.com o x File Paste Home Cut Copy Insert Design Layout Times New Rome • 11 References Mailings Ä A' Aav Review View Zotero Help 91 Paragraph Q Tell me what you want to do AaBbCcDc AaBbCcDc 11 Normal 11 No Spac... Format Painter Clipboard O GET GENUINE OFFICE Font AaBbC AaBbCc AaBbCc] Headingl Heading 2 Heading 4 Styles p Find ab Replace Select v Editing Learn more g Share v Add-ins Add-ins Your license isn't genuine, and you may be a victim of software counterfeiting. Avoid interruption and keep your files safe with genuine Office today. to the DNA to be integrated. This may be problematic since the longer the DNA is, the harder it is to integrate into cell genomes.] CRISPR technology allows researchers to make much more precise genome changes at exact locations. Cost — Alipogene tiparvovec or for example, at a cost of $1.6 million per patient, was reponed in 2013, to be the world's most
  ---
Chunk 4 (Score: 0.421):
  Type: ocr
  App: Microsoft Word
  Timestamp: 2025-07-30T03:27:21.419112300+00:00
  Content: OCR from Microsoft Word: GENE THERAPY .docx [Compatibility Mode] - Word faithadetona@gmail.com o x File Paste Home Cut Copy Insert Design Layout Times New Rome • 11 References Mailings Ä A' Aav Review View Zotero Help 91 Paragraph Q Tell me what you want to do AaBbCcDc AaBbCcDc 11 Normal 11 No Spac... Format Painter Clipboard O GET GENUINE OFFICE Font AaBbC AaBbCc AaBbCc] Headingl Heading 2 Heading 4 Styles p Find ab Replace Select v Editing Learn more g Share v Add-ins Add-ins Your license isn't genuine, and you may be a victim of software counterfeiting. Avoid interruption and keep your files safe with genuine Office today. to the DNA to be integrated. This may be problematic since the longer the DNA is, the harder it is to integrate into cell genomes.] CRISPR technology allows researchers to make much more precise genome changes at exact locations. Cost — Alipogene tiparvovec or for example, at a cost of $1.6 million per patient, was reponed in 2013, to be the world's most
  ---
Chunk 5 (Score: 0.421):
  Type: ocr
  App: Microsoft Word
  Timestamp: 2025-07-30T03:24:23.623599300+00:00
  Content: OCR from Microsoft Word: GENE THERAPY .docx [Compatibility Mode] - Word faithadetona@gmail.com o x File Paste Home Cut Copy Insert Design Layout Times New Rome • 11 References Mailings Ä A' Aav Review View Zotero Help 91 Paragraph Q Tell me what you want to do AaBbCcDc AaBbCcDc 11 Normal 11 No Spac... Format Painter Clipboard O GET GENUINE OFFICE Font AaBbC AaBbCc AaBbCc] Headingl Heading 2 Heading 4 Styles p Find ab Replace Select v Editing Learn more g Share v Add-ins Add-ins Your license isn't genuine, and you may be a victim of software counterfeiting. Avoid interruption and keep your files safe with genuine Office today. to the DNA to be integrated. This may be problematic since the longer the DNA is, the harder it is to integrate into cell genomes.] CRISPR technology allows researchers to make much more precise genome changes at exact locations. Cost — Alipogene tiparvovec or for example, at a cost of $1.6 million per patient, was reponed in 2013, to be the world's most
  ---
Chunk 6 (Score: 0.421):
  Type: ocr
  App: Microsoft Word
  Timestamp: 2025-07-30T03:24:18.566290200+00:00
  Content: OCR from Microsoft Word: GENE THERAPY .docx [Compatibility Mode] - Word faithadetona@gmail.com o x File Paste Home Cut Copy Insert Design Layout Times New Rome • 11 References Mailings Ä A' Aav Review View Zotero Help 91 Paragraph Q Tell me what you want to do AaBbCcDc AaBbCcDc 11 Normal 11 No Spac... Format Painter Clipboard O GET GENUINE OFFICE Font AaBbC AaBbCc AaBbCc] Headingl Heading 2 Heading 4 Styles p Find ab Replace Select v Editing Learn more g Share v Add-ins Add-ins Your license isn't genuine, and you may be a victim of software counterfeiting. Avoid interruption and keep your files safe with genuine Office today. to the DNA to be integrated. This may be problematic since the longer the DNA is, the harder it is to integrate into cell genomes.] CRISPR technology allows researchers to make much more precise genome changes at exact locations. Cost — Alipogene tiparvovec or for example, at a cost of $1.6 million per patient, was reponed in 2013, to be the world's most
  ---
Chunk 7 (Score: 0.421):
  Type: ocr
  App: Microsoft Word
  Timestamp: 2025-07-30T03:24:15.427832700+00:00
  Content: OCR from Microsoft Word: GENE THERAPY .docx [Compatibility Mode] - Word faithadetona@gmail.com o x File Paste Home Cut Copy Insert Design Layout Times New Rome • 11 References Mailings Ä A' Aav Review View Zotero Help 91 Paragraph Q Tell me what you want to do AaBbCcDc AaBbCcDc 11 Normal 11 No Spac... Format Painter Clipboard O GET GENUINE OFFICE Font AaBbC AaBbCc AaBbCc] Headingl Heading 2 Heading 4 Styles p Find ab Replace Select v Editing Learn more g Share v Add-ins Add-ins Your license isn't genuine, and you may be a victim of software counterfeiting. Avoid interruption and keep your files safe with genuine Office today. to the DNA to be integrated. This may be problematic since the longer the DNA is, the harder it is to integrate into cell genomes.] CRISPR technology allows researchers to make much more precise genome changes at exact locations. Cost — Alipogene tiparvovec or for example, at a cost of $1.6 million per patient, was reponed in 2013, to be the world's most
  ---
Chunk 8 (Score: 0.421):
  Type: ocr
  App: Microsoft Word
  Timestamp: 2025-07-30T03:24:13.393185800+00:00
  Content: OCR from Microsoft Word: GENE THERAPY .docx [Compatibility Mode] - Word faithadetona@gmail.com o x File Home Insert Design Layout Times New Rome • 11 References Mailings Ä A' Aav Review View Zotero Help 91 Paragraph Q Tell me what you want to do Cut Copy Paste AaBbCcDc AaBbCcDc 11 Normal 11 No Spac... Format Painter Clipboard O GET GENUINE OFFICE Font AaBbC AaBbCc AaBbCc] Headingl Heading 2 Heading 4 Styles p Find ab Replace Select v Editing Learn more g Share v Add-ins Add-ins Your license isn't genuine, and you may be a victim of software counterfeiting. Avoid interruption and keep your files safe with genuine Office today. to the DNA to be integrated. This may be problematic since the longer the DNA is, the harder it is to integrate into cell genomes.] CRISPR technology allows researchers to make much more precise genome changes at exact locations. Cost — Alipogene tiparvovec or for example, at a cost of $1.6 million per patient, was reponed in 2013, to be the world's most
  ---
Chunk 9 (Score: 0.421):
  Type: ocr
  App: Microsoft Word
  Timestamp: 2025-07-30T03:24:10.302979600+00:00
  Content: OCR from Microsoft Word: GENE THERAPY .docx [Compatibility Mode] - Word faithadetona@gmail.com o x File Home Insert Design Layout Times New Rome • 11 References Mailings Ä A' Aav Review View Zotero Help 91 Paragraph Q Tell me what you want to do Cut Copy Paste AaBbCcDc AaBbCcDc 11 Normal 11 No Spac.. Format Painter Clipboard O GET GENUINE OFFICE Font AaBbC AaBbCc AaBbCc] Headingl Heading 2 Heading 4 Styles p Find ab Replace Select v Editing Learn more g Share v Add-ins Add-ins Your license isn't genuine, and you may be a victim of software counterfeiting. Avoid interruption and keep your files safe with genuine Office today. to the DNA to be integrated. This may be problematic since the longer the DNA is, the harder it is to integrate into cell genomes.] CRISPR technology allows researchers to make much more precise genome changes at exact locations. Cost — Alipogene tiparvovec or for example, at a cost of $1.6 million per patient, was reponed in 2013, to be the world's most
  ---
Chunk 10 (Score: 0.421):
  Type: ocr
  App: Microsoft Word
  Timestamp: 2025-07-30T03:24:08.279570400+00:00
  Content: OCR from Microsoft Word: GENE THERAPY .docx [Compatibility Mode] - Word faithadetona@gmail.com o x File Home Insert Design Layout Times New Rome • 11 References Mailings Ä A' Aav Review View Zotero Help 91 Paragraph Q Tell me what you want to do OYO Cut Copy Paste AaBbCcDc AaBbCcDc 11 Normal 11 No Spac... Format Painter Clipboard O GET GENUINE OFFICE Font AaBbC AaBbCc AaBbCc] Headingl Heading 2 Heading 4 Styles p Find ab Replace Select v Editing Learn more g Share v Add-ins Add-ins Your license isn't genuine, and you may be a victim of software counterfeiting. Avoid interruption and keep your files safe with genuine Office today. to the DNA to be integrated. This may be problematic since the longer the DNA is, the harder it is to integrate into cell genomes.] CRISPR technology allows researchers to make much more precise genome changes at exact locations. Cost — Alipogene tiparvovec or for example, at a cost of $1.6 million per patient, was reponed in 2013, to be the world's most
  ---
Generating AI response...
